  Determining projects to restore...
  All projects are up-to-date for restore.
  AutoWizard.CV -> D:\01-Project\01-Screen Automate\AutoWizard.CV\bin\Debug\net8.0\AutoWizard.CV.dll
  AutoWizard.Core -> D:\01-Project\01-Screen Automate\AutoWizard.Core\bin\Debug\net8.0-windows\AutoWizard.Core.dll
  AutoWizard.Tests -> D:\01-Project\01-Screen Automate\AutoWizard.Tests\bin\Debug\net8.0-windows\AutoWizard.Tests.dll
D:\01-Project\01-Screen Automate\AutoWizard.UI\Controls\EditorCanvas.cs(13,51): warning CS0108: 'EditorCanvas.AllowDropProperty' hides inherited member 'UIElement.AllowDropProperty'. Use the new keyword if hiding was intended. [D:\01-Project\01-Screen Automate\AutoWizard.UI\AutoWizard.UI_5pwxi2nc_wpftmp.csproj]
D:\01-Project\01-Screen Automate\AutoWizard.UI\ViewModels\MainWindowViewModel.cs(92,16): warning CS8618: Non-nullable field '_smartCaptureCommand' must contain a non-null value when exiting constructor. Consider adding the 'required' modifier or declaring the field as nullable. [D:\01-Project\01-Screen Automate\AutoWizard.UI\AutoWizard.UI_5pwxi2nc_wpftmp.csproj]
D:\01-Project\01-Screen Automate\AutoWizard.UI\ViewModels\MainWindowViewModel.cs(92,16): warning CS8618: Non-nullable field '_pickColorCommand' must contain a non-null value when exiting constructor. Consider adding the 'required' modifier or declaring the field as nullable. [D:\01-Project\01-Screen Automate\AutoWizard.UI\AutoWizard.UI_5pwxi2nc_wpftmp.csproj]
D:\01-Project\01-Screen Automate\AutoWizard.UI\Controls\EditorCanvas.cs(13,51): warning CS0108: 'EditorCanvas.AllowDropProperty' hides inherited member 'UIElement.AllowDropProperty'. Use the new keyword if hiding was intended. [D:\01-Project\01-Screen Automate\AutoWizard.UI\AutoWizard.UI.csproj]
D:\01-Project\01-Screen Automate\AutoWizard.UI\ViewModels\MainWindowViewModel.cs(92,16): warning CS8618: Non-nullable field '_smartCaptureCommand' must contain a non-null value when exiting constructor. Consider adding the 'required' modifier or declaring the field as nullable. [D:\01-Project\01-Screen Automate\AutoWizard.UI\AutoWizard.UI.csproj]
D:\01-Project\01-Screen Automate\AutoWizard.UI\ViewModels\MainWindowViewModel.cs(92,16): warning CS8618: Non-nullable field '_pickColorCommand' must contain a non-null value when exiting constructor. Consider adding the 'required' modifier or declaring the field as nullable. [D:\01-Project\01-Screen Automate\AutoWizard.UI\AutoWizard.UI.csproj]
  AutoWizard.UI -> D:\01-Project\01-Screen Automate\AutoWizard.UI\bin\Debug\net8.0-windows\AutoWizard.UI.dll

Build succeeded.

D:\01-Project\01-Screen Automate\AutoWizard.UI\Controls\EditorCanvas.cs(13,51): warning CS0108: 'EditorCanvas.AllowDropProperty' hides inherited member 'UIElement.AllowDropProperty'. Use the new keyword if hiding was intended. [D:\01-Project\01-Screen Automate\AutoWizard.UI\AutoWizard.UI_5pwxi2nc_wpftmp.csproj]
D:\01-Project\01-Screen Automate\AutoWizard.UI\ViewModels\MainWindowViewModel.cs(92,16): warning CS8618: Non-nullable field '_smartCaptureCommand' must contain a non-null value when exiting constructor. Consider adding the 'required' modifier or declaring the field as nullable. [D:\01-Project\01-Screen Automate\AutoWizard.UI\AutoWizard.UI_5pwxi2nc_wpftmp.csproj]
D:\01-Project\01-Screen Automate\AutoWizard.UI\ViewModels\MainWindowViewModel.cs(92,16): warning CS8618: Non-nullable field '_pickColorCommand' must contain a non-null value when exiting constructor. Consider adding the 'required' modifier or declaring the field as nullable. [D:\01-Project\01-Screen Automate\AutoWizard.UI\AutoWizard.UI_5pwxi2nc_wpftmp.csproj]
D:\01-Project\01-Screen Automate\AutoWizard.UI\Controls\EditorCanvas.cs(13,51): warning CS0108: 'EditorCanvas.AllowDropProperty' hides inherited member 'UIElement.AllowDropProperty'. Use the new keyword if hiding was intended. [D:\01-Project\01-Screen Automate\AutoWizard.UI\AutoWizard.UI.csproj]
D:\01-Project\01-Screen Automate\AutoWizard.UI\ViewModels\MainWindowViewModel.cs(92,16): warning CS8618: Non-nullable field '_smartCaptureCommand' must contain a non-null value when exiting constructor. Consider adding the 'required' modifier or declaring the field as nullable. [D:\01-Project\01-Screen Automate\AutoWizard.UI\AutoWizard.UI.csproj]
D:\01-Project\01-Screen Automate\AutoWizard.UI\ViewModels\MainWindowViewModel.cs(92,16): warning CS8618: Non-nullable field '_pickColorCommand' must contain a non-null value when exiting constructor. Consider adding the 'required' modifier or declaring the field as nullable. [D:\01-Project\01-Screen Automate\AutoWizard.UI\AutoWizard.UI.csproj]
    6 Warning(s)
    0 Error(s)

Time Elapsed 00:00:02.20
